<?xml version="1.0" encoding="UTF-8"?>
<!-- Generated by org.testng.reporters.JUnitReportReporter -->
<testsuite hostname="Saiteja" failures="0" tests="1" name="practice.testcases.TC_RF_001" time="25.743" errors="0" timestamp="2025-10-31T13:54:02 IST" skipped="0">
  <testcase classname="practice.testcases.TC_RF_001" name="VerfyRegistrationIsSucess" time="25.743"/>
</testsuite> <!-- practice.testcases.TC_RF_001 -->
