<?xml version="1.0" encoding="UTF-8"?>
<!-- Generated by org.testng.reporters.JUnitReportReporter -->
<testsuite hostname="Saiteja" failures="0" tests="1" name="practice.testcases.TC_RF_001" time="13.193" errors="0" timestamp="2025-10-30T16:03:27 IST" skipped="0">
  <testcase classname="practice.testcases.TC_RF_001" name="loginOption" time="13.193"/>
</testsuite> <!-- practice.testcases.TC_RF_001 -->
