<?xml version="1.0" encoding="UTF-8"?>
<!-- Generated by org.testng.reporters.JUnitReportReporter -->
<testsuite hostname="Saiteja" failures="0" tests="3" name="practice.testcases.TC_RF_001" time="100.748" errors="0" timestamp="2025-10-29T16:12:27 IST" skipped="0">
  <testcase classname="practice.testcases.TC_RF_001" name="VerfyRegistrationIsSucess" time="25.762"/>
  <testcase classname="practice.testcases.TC_RF_001" name="VerfyRegistrationIsSucess1" time="23.603"/>
  <testcase classname="practice.testcases.TC_RF_001" name="VerifyUsingKeyboard" time="51.383"/>
</testsuite> <!-- practice.testcases.TC_RF_001 -->
