<?xml version="1.0" encoding="UTF-8"?>
<!-- Generated by org.testng.reporters.JUnitReportReporter -->
<testsuite hostname="Saiteja" failures="0" tests="1" name="practice.testcases.TC_RF_001" time="15.121" errors="0" timestamp="2025-10-30T13:33:20 IST" skipped="0">
  <testcase classname="practice.testcases.TC_RF_001" name="loginOption" time="15.121"/>
</testsuite> <!-- practice.testcases.TC_RF_001 -->
